  Game.cpp
E:\SFML Project\V1\project21-dawid-and-filip\CubeTowerJUmp\Player.h(11,29): warning C4305: 'initializing': truncation from 'double' to 'const float'
E:\SFML Project\V1\project21-dawid-and-filip\CubeTowerJUmp\ParticleSystem.h(13,116): warning C4244: 'argument': conversion from 'double' to 'T', possible loss of data
          with
          [
              T=float
          ]
E:\SFML Project\V1\project21-dawid-and-filip\CubeTowerJUmp\ParticleSystem.h(13,81): warning C4244: 'argument': conversion from 'double' to 'T', possible loss of data
          with
          [
              T=float
          ]
E:\SFML Project\V1\project21-dawid-and-filip\CubeTowerJUmp\Game.cpp(23,12): warning C4244: 'argument': conversion from 'time_t' to 'unsigned int', possible loss of data
E:\SFML Project\V1\project21-dawid-and-filip\CubeTowerJUmp\Game.cpp(50,37): warning C4305: 'argument': truncation from 'double' to 'float'
E:\SFML Project\V1\project21-dawid-and-filip\CubeTowerJUmp\Game.cpp(85,32): warning C4244: 'argument': conversion from 'float' to 'unsigned int', possible loss of data
E:\SFML Project\V1\project21-dawid-and-filip\CubeTowerJUmp\Game.cpp(99,29): warning C4244: 'argument': conversion from 'float' to 'unsigned int', possible loss of data
E:\SFML Project\V1\project21-dawid-and-filip\CubeTowerJUmp\Game.cpp(102,53): warning C4244: 'argument': conversion from 'float' to 'sf::Uint8', possible loss of data
E:\SFML Project\V1\project21-dawid-and-filip\CubeTowerJUmp\Game.cpp(107,28): warning C4244: 'argument': conversion from 'float' to 'unsigned int', possible loss of data
E:\SFML Project\V1\project21-dawid-and-filip\CubeTowerJUmp\Game.cpp(112,32): warning C4244: 'argument': conversion from 'float' to 'unsigned int', possible loss of data
E:\SFML Project\V1\project21-dawid-and-filip\CubeTowerJUmp\Game.cpp(116,31): warning C4244: 'argument': conversion from 'float' to 'unsigned int', possible loss of data
E:\SFML Project\V1\project21-dawid-and-filip\CubeTowerJUmp\Game.cpp(233,16): warning C4244: 'initializing': conversion from 'T' to 'float', possible loss of data
          with
          [
              T=double
          ]
E:\SFML Project\V1\project21-dawid-and-filip\CubeTowerJUmp\Game.cpp(251,12): warning C4244: 'argument': conversion from 'time_t' to 'unsigned int', possible loss of data
E:\SFML Project\V1\project21-dawid-and-filip\CubeTowerJUmp\Game.cpp(575,31): warning C4244: 'argument': conversion from 'float' to 'unsigned int', possible loss of data
E:\SFML Project\V1\project21-dawid-and-filip\CubeTowerJUmp\Game.cpp(577,51): warning C4244: 'argument': conversion from 'int' to 'float', possible loss of data
E:\SFML Project\V1\project21-dawid-and-filip\CubeTowerJUmp\Game.cpp(1625,23): warning C4305: '*=': truncation from 'double' to 'T'
          with
          [
              T=float
          ]
E:\SFML Project\V1\project21-dawid-and-filip\CubeTowerJUmp\Game.cpp(1631,23): warning C4305: '*=': truncation from 'double' to 'T'
          with
          [
              T=float
          ]
E:\SFML Project\V1\project21-dawid-and-filip\CubeTowerJUmp\Game.cpp(1637,23): warning C4305: '*=': truncation from 'double' to 'T'
          with
          [
              T=float
          ]
E:\SFML Project\V1\project21-dawid-and-filip\CubeTowerJUmp\Game.cpp(1643,23): warning C4305: '*=': truncation from 'double' to 'T'
          with
          [
              T=float
          ]
E:\SFML Project\V1\project21-dawid-and-filip\CubeTowerJUmp\Game.cpp(1680,22): warning C4244: '=': conversion from 'double' to 'T', possible loss of data
          with
          [
              T=float
          ]
E:\SFML Project\V1\project21-dawid-and-filip\CubeTowerJUmp\Game.cpp(1699,59): warning C4244: 'argument': conversion from 'T' to 'T', possible loss of data
          with
          [
              T=int
          ]
          and
          [
              T=float
          ]
E:\SFML Project\V1\project21-dawid-and-filip\CubeTowerJUmp\Game.cpp(1699,42): warning C4244: 'argument': conversion from 'T' to 'T', possible loss of data
          with
          [
              T=int
          ]
          and
          [
              T=float
          ]
  Generating code
  1 of 585 functions ( 0.2%) were compiled, the rest were copied from previous compilation.
    0 functions were new in current compilation
    3 functions had inline decision re-evaluated but remain unchanged
  Finished generating code
  CubeTowerJUmp.vcxproj -> E:\SFML Project\V1\project21-dawid-and-filip\Release\Vacuume.exe
